<?xml version="1.0" encoding="UTF-8"?>
<!-- Generated by org.testng.reporters.JUnitReportReporter -->
<testsuite hostname="DESKTOP-PH65AGB" failures="0" tests="2" name="adNabu.SampleTestCase" time="0.016" errors="0" timestamp="2024-01-08T17:09:31 IST" skipped="0">
  <testcase classname="adNabu.SampleTestCase" name="firstTestCase" time="0.014"/>
  <system-out/>
  <testcase classname="adNabu.SampleTestCase" name="secondTestCase" time="0.002"/>
  <system-out/>
</testsuite> <!-- adNabu.SampleTestCase -->
