<?xml version="1.0" encoding="UTF-8"?>
<!-- Generated by org.testng.reporters.JUnitReportReporter -->
<testsuite hostname="DESKTOP-PH65AGB" failures="0" tests="1" name="adNabu.AddToCart" time="10.117" errors="0" timestamp="2024-01-08T17:40:09 IST" skipped="0">
  <testcase classname="adNabu.AddToCart" name="addToCart" time="10.117"/>
  <system-out/>
</testsuite> <!-- adNabu.AddToCart -->
