<?xml version="1.0" encoding="UTF-8"?>
<!-- Generated by org.testng.reporters.JUnitReportReporter -->
<testsuite hostname="DESKTOP-PH65AGB" failures="0" tests="1" name="adNabu.SearchAndFilters" time="2.675" errors="0" timestamp="2024-01-08T17:51:55 IST" skipped="0">
  <testcase classname="adNabu.SearchAndFilters" name="searchAndFilter" time="2.675"/>
  <system-out/>
</testsuite> <!-- adNabu.SearchAndFilters -->
